GROUP,PACKAGE,CLASS,INSTRUCTION_MISSED,INSTRUCTION_COVERED,BRANCH_MISSED,BRANCH_COVERED,LINE_MISSED,LINE_COVERED,COMPLEXITY_MISSED,COMPLEXITY_COVERED,METHOD_MISSED,METHOD_COVERED
PacMan GPS,default,Pacman,11,339,15,30,6,81,15,25,0,13
PacMan GPS,default,Game,33,0,0,0,11,0,2,0,2,0
PacMan GPS,default,Board,286,5487,29,47,56,74,24,30,4,12
PacMan GPS,default,Ghost,0,174,1,14,0,39,1,15,0,7
PacMan GPS,default,Board.PacmanKeyAdapter,22,6,6,0,5,1,4,1,1,1
PacMan GPS,default,PowerUp,0,143,0,18,0,35,0,15,0,6
PacMan GPS,default,Direction,0,42,0,0,0,6,0,3,0,3
