GROUP,PACKAGE,CLASS,INSTRUCTION_MISSED,INSTRUCTION_COVERED,BRANCH_MISSED,BRANCH_COVERED,LINE_MISSED,LINE_COVERED,COMPLEXITY_MISSED,COMPLEXITY_COVERED,METHOD_MISSED,METHOD_COVERED
PacMan GPS,default,Pacman,49,301,18,27,14,73,16,24,0,13
PacMan GPS,default,Game,33,0,0,0,11,0,2,0,2,0
PacMan GPS,default,Board,77,5696,17,59,19,111,14,40,1,15
PacMan GPS,default,Ghost,0,174,1,14,0,39,1,15,0,7
PacMan GPS,default,Board.PacmanKeyAdapter,0,28,2,4,0,6,2,3,0,2
PacMan GPS,default,PowerUp,2,141,2,16,1,34,2,13,0,6
PacMan GPS,default,Direction,0,42,0,0,0,6,0,3,0,3
